<?xml version="1.0" encoding="UTF-8"?>
<!-- Generated by org.testng.reporters.JUnitXMLReporter -->
<testsuite ignored="0" hostname="LAPTOP-81H605QD" failures="0" tests="3" name="Default test" time="25.185" errors="0" timestamp="2024-07-24T12:33:32 IST">
  <testcase classname="Test_pages.Cart_page_test" name="add_prdct_tocart_verify_Tc_004" time="5.195"/>
  <testcase classname="Test_pages.Cart_page_test" name="remove_prdct_tocart_verify_Tc_005" time="4.219"/>
  <testcase classname="Test_pages.Cart_page_test" name="verify_prdct_incart_Tc_006" time="4.137"/>
</testsuite> <!-- Default test -->
