<?xml version="1.0" encoding="UTF-8"?>
<testng-results ignored="0" total="3" passed="3" failed="0" skipped="0">
  <reporter-output>
  </reporter-output>
  <suite started-at="2024-07-24T12:33:07 IST" name="Default suite" finished-at="2024-07-24T12:33:32 IST" duration-ms="25185">
    <groups>
    </groups>
    <test started-at="2024-07-24T12:33:07 IST" name="Default test" finished-at="2024-07-24T12:33:32 IST" duration-ms="25185">
      <class name="Test_pages.Cart_page_test">
        <test-method is-config="true" signature="beforeMethod()[pri:0, instance:Test_pages.Cart_page_test@10e31a9a]" started-at="2024-07-24T12:33:07 IST" name="beforeMethod" finished-at="2024-07-24T12:33:11 IST" duration-ms="4693" status="PASS">
          <reporter-output>
          </reporter-output>
        </test-method> <!-- beforeMethod -->
        <test-method signature="add_prdct_tocart_verify_Tc_004()[pri:1, instance:Test_pages.Cart_page_test@10e31a9a]" started-at="2024-07-24T12:33:11 IST" name="add_prdct_tocart_verify_Tc_004" finished-at="2024-07-24T12:33:17 IST" duration-ms="5195" status="PASS">
          <reporter-output>
          </reporter-output>
        </test-method> <!-- add_prdct_tocart_verify_Tc_004 -->
        <test-method is-config="true" signature="afterMethod()[pri:0, instance:Test_pages.Cart_page_test@10e31a9a]" started-at="2024-07-24T12:33:17 IST" name="afterMethod" finished-at="2024-07-24T12:33:17 IST" duration-ms="159" status="PASS">
          <reporter-output>
          </reporter-output>
        </test-method> <!-- afterMethod -->
        <test-method is-config="true" signature="beforeMethod()[pri:0, instance:Test_pages.Cart_page_test@10e31a9a]" started-at="2024-07-24T12:33:17 IST" name="beforeMethod" finished-at="2024-07-24T12:33:20 IST" duration-ms="3211" status="PASS">
          <reporter-output>
          </reporter-output>
        </test-method> <!-- beforeMethod -->
        <test-method signature="remove_prdct_tocart_verify_Tc_005()[pri:2, instance:Test_pages.Cart_page_test@10e31a9a]" started-at="2024-07-24T12:33:20 IST" name="remove_prdct_tocart_verify_Tc_005" finished-at="2024-07-24T12:33:24 IST" duration-ms="4219" status="PASS">
          <reporter-output>
          </reporter-output>
        </test-method> <!-- remove_prdct_tocart_verify_Tc_005 -->
        <test-method is-config="true" signature="afterMethod()[pri:0, instance:Test_pages.Cart_page_test@10e31a9a]" started-at="2024-07-24T12:33:24 IST" name="afterMethod" finished-at="2024-07-24T12:33:25 IST" duration-ms="334" status="PASS">
          <reporter-output>
          </reporter-output>
        </test-method> <!-- afterMethod -->
        <test-method is-config="true" signature="beforeMethod()[pri:0, instance:Test_pages.Cart_page_test@10e31a9a]" started-at="2024-07-24T12:33:25 IST" name="beforeMethod" finished-at="2024-07-24T12:33:28 IST" duration-ms="2954" status="PASS">
          <reporter-output>
          </reporter-output>
        </test-method> <!-- beforeMethod -->
        <test-method signature="verify_prdct_incart_Tc_006()[pri:3, instance:Test_pages.Cart_page_test@10e31a9a]" started-at="2024-07-24T12:33:28 IST" name="verify_prdct_incart_Tc_006" finished-at="2024-07-24T12:33:32 IST" duration-ms="4137" status="PASS">
          <reporter-output>
          </reporter-output>
        </test-method> <!-- verify_prdct_incart_Tc_006 -->
        <test-method is-config="true" signature="afterMethod()[pri:0, instance:Test_pages.Cart_page_test@10e31a9a]" started-at="2024-07-24T12:33:32 IST" name="afterMethod" finished-at="2024-07-24T12:33:32 IST" duration-ms="228" status="PASS">
          <reporter-output>
          </reporter-output>
        </test-method> <!-- afterMethod -->
      </class> <!-- Test_pages.Cart_page_test -->
    </test> <!-- Default test -->
  </suite> <!-- Default suite -->
</testng-results>
